INFO:root:Ran with args: ('John', 25), and kwargs: {}
INFO:root:Ran with args: ('John', 25), and kwargs: {}
INFO:root:Ran with args: ('John', 25), and kwargs: {}
INFO:root:Ran with args: ('John', 25), and kwargs: {}
INFO:root:Ran with args: ('Hans', 30), and kwargs: {}
INFO:root:Ran with args: ('Layla', 33), and kwargs: {}
INFO:root:Ran with args: ('John', 25), and kwargs: {}
INFO:root:Ran with args: ('Hans', 30), and kwargs: {}
INFO:root:Ran with args: ('Layla', 33), and kwargs: {}
INFO:root:Ran with args: ('John', 25), and kwargs: {}
INFO:root:Ran with args: ('Hans', 30), and kwargs: {}
INFO:root:Ran with args: ('Layla', 33), and kwargs: {}
INFO:root:Ran with args: ('John', 25), and kwargs: {}
INFO:root:Ran with args: ('Hans', 30), and kwargs: {}
INFO:root:Ran with args: ('Layla', 33), and kwargs: {}
INFO:root:Ran with args: ('John', 25), and kwargs: {}
INFO:root:Ran with args: ('Hans', 30), and kwargs: {}
INFO:root:Ran with args: ('Layla', 33), and kwargs: {}
INFO:root:Ran with args: ('John', 25), and kwargs: {}
INFO:root:Ran with args: ('Hans', 30), and kwargs: {}
INFO:root:Ran with args: ('Layla', 33), and kwargs: {}
INFO:root:Ran with args: ('John', 25), and kwargs: {}
INFO:root:Ran with args: ('Hans', 30), and kwargs: {}
INFO:root:Ran with args: ('Layla', 33), and kwargs: {}
INFO:root:Ran with args: ('John', 25), and kwargs: {}
INFO:root:Ran with args: ('Hans', 30), and kwargs: {}
INFO:root:Ran with args: ('Layla', 33), and kwargs: {}
INFO:root:Ran with args: ('Charles', 51), and kwargs: {}
INFO:root:Ran with args: ('John', 25), and kwargs: {}
INFO:root:Ran with args: ('Hans', 30), and kwargs: {}
INFO:root:Ran with args: ('Layla', 33), and kwargs: {}
INFO:root:Ran with args: ('Hemant', 48), and kwargs: {}
INFO:root:Ran with args: ('John', 25), and kwargs: {}
INFO:root:Ran with args: ('Hans', 30), and kwargs: {}
INFO:root:Ran with args: ('Layla', 33), and kwargs: {}
INFO:root:Ran with args: ('Hemant', 48), and kwargs: {}
INFO:root:Ran with args: ('John', 25), and kwargs: {}
INFO:root:Ran with args: ('Hans', 30), and kwargs: {}
INFO:root:Ran with args: ('Layla', 33), and kwargs: {}
INFO:root:Ran with args: ('Hemant', 48), and kwargs: {}
INFO:root:Ran with args: ('John', 25), and kwargs: {}
INFO:root:Ran with args: ('Hans', 30), and kwargs: {}
INFO:root:Ran with args: ('Layla', 33), and kwargs: {}
INFO:root:Ran with args: ('Hemant', 48), and kwargs: {}
INFO:root:Ran with args: ('Hemant', 48), and kwargs: {}
INFO:root:Ran with args: ('Hemant', 48), and kwargs: {}
INFO:root:Ran with args: ('Hemant', 48), and kwargs: {}
INFO:root:Ran with args: ('Hemant', 48), and kwargs: {}
INFO:root:Ran with args: ('Hemant', 48), and kwargs: {}
INFO:root:Ran with args: ('Hemant', 48), and kwargs: {}
INFO:root:Ran with args: ('Hemant', 48), and kwargs: {}
INFO:root:Ran with args: ('Hemant', 48), and kwargs: {}
INFO:root:Ran with args: ('Hemant', 48), and kwargs: {}
INFO:root:Ran with args: ('Hemant', 48), and kwargs: {}
INFO:root:Ran with args: ('Hemant', 48), and kwargs: {}
INFO:root:Ran with args: ('Hemant', 48), and kwargs: {}
INFO:root:Ran with args: ('Hemant', 48), and kwargs: {}
INFO:root:Ran with args: ('Hemant', 48), and kwargs: {}
INFO:root:Ran with args: ('Hemant', 48), and kwargs: {}
INFO:root:Ran with args: ('Hemant', 48), and kwargs: {}
INFO:root:Ran with args: ('Hemant', 48), and kwargs: {}
INFO:root:Ran with args: ('Hemant', 48), and kwargs: {}
INFO:root:Ran with args: ('Hemant', 48), and kwargs: {}
INFO:root:Ran with args: ('Hemant', 48), and kwargs: {}
INFO:root:Ran with args: ('John', 25), and kwargs: {}
INFO:root:Ran with args: ('Hans', 30), and kwargs: {}
INFO:root:Ran with args: ('Layla', 33), and kwargs: {}
INFO:root:Ran with args: ('Carlos', 34), and kwargs: {}
INFO:root:Ran with args: ('John', 25), and kwargs: {}
INFO:root:Ran with args: ('Hans', 30), and kwargs: {}
INFO:root:Ran with args: ('Layla', 33), and kwargs: {}
INFO:root:Ran with args: ('Carlos', 34), and kwargs: {}
INFO:root:Ran with args: ('John', 25), and kwargs: {}
INFO:root:Ran with args: ('Hans', 30), and kwargs: {}
INFO:root:Ran with args: ('Layla', 33), and kwargs: {}
INFO:root:Ran with args: ('Carlos', 34), and kwargs: {}
INFO:root:Ran with args: ('John', 25), and kwargs: {}
INFO:root:Ran with args: ('Hans', 30), and kwargs: {}
INFO:root:Ran with args: ('Layla', 33), and kwargs: {}
INFO:root:Ran with args: ('Carlos', 34), and kwargs: {}
INFO:root:Ran with args: ('John', 25), and kwargs: {}
INFO:root:Ran with args: ('Hans', 30), and kwargs: {}
INFO:root:Ran with args: ('Layla', 33), and kwargs: {}
INFO:root:Ran with args: ('Carlos', 34), and kwargs: {}
INFO:root:Ran with args: ('John', 25), and kwargs: {}
INFO:root:Ran with args: ('Hans', 30), and kwargs: {}
INFO:root:Ran with args: ('Layla', 33), and kwargs: {}
INFO:root:Ran with args: ('Carlos', 34), and kwargs: {}
INFO:root:Ran with args: ('John', 25), and kwargs: {}
INFO:root:Ran with args: ('Hans', 30), and kwargs: {}
INFO:root:Ran with args: ('Layla', 33), and kwargs: {}
INFO:root:Ran with args: ('Carlos', 34), and kwargs: {}
INFO:root:Ran with args: ('John', 25), and kwargs: {}
INFO:root:Ran with args: ('Hans', 30), and kwargs: {}
INFO:root:Ran with args: ('Layla', 33), and kwargs: {}
INFO:root:Ran with args: ('Carlos', 34), and kwargs: {}
INFO:root:Ran with args: ('John', 25), and kwargs: {}
INFO:root:Ran with args: ('Hans', 30), and kwargs: {}
INFO:root:Ran with args: ('Layla', 33), and kwargs: {}
INFO:root:Ran with args: ('Carlos', 34), and kwargs: {}
