2770916455 [pool-10-thread-76] INFO  c.e.automation.RunSimulatorLogger - Reading native output: /scratch/beta/nabm/beta_pred_v3_rev1_2chan_cases_2_4_fix.runs/Case2c_no-dep_476/eclipse/model/BETA_CASE_70_PRED_V2-CASE2C_NO-DEP_476.PRT
2770916519 [pool-10-thread-76] INFO  c.e.automation.RunSimulatorLogger - Commencing multipass (1 pass) by time load and export for /scratch/beta/nabm/beta_pred_v3_rev1_2chan_cases_2_4_fix.runs/Case2c_no-dep_476/eclipse/model/BETA_CASE_70_PRED_V2-CASE2C_NO-DEP_476.PRT
2770916620 [pool-10-thread-76] WARN  c.e.automation.RunSimulatorLogger - /scratch/beta/nabm/beta_pred_v3_rev1_2chan_cases_2_4_fix.runs/Case2c_no-dep_476/eclipse/model/BETA_CASE_70_PRED_V2-CASE2C_NO-DEP_476: grid or init file missing
2770916688 [pool-10-thread-76] INFO  c.e.automation.RunSimulatorLogger - Files created ok
2770916703 [pool-10-thread-76] ERROR com.roxar.shared.sim.SimDataLoader - Exception in data loading
com.roxar.shared.sim.df: Problem scanning ECLIPSE files: 
	at com.roxar.psolve.Y.C(Tempest:790)
	at com.roxar.psolve.N.g(Tempest:942)
	at com.roxar.psolve.N.f(Tempest:741)
	at com.roxar.psolve.N.a(Tempest:213)
	at com.roxar.shared.sim.cM.b(Tempest:369)
	at com.roxar.shared.sim.cM.n(Tempest:320)
	at com.roxar.shared.sim.cM.run(Tempest:253)
	at com.roxar.shared.lod.f.r(Tempest:276)
	at com.roxar.shared.lod.f.i(Tempest:324)
	at com.roxar.shared.lod.t.k(Tempest:103)
	at com.roxar.shared.lod.t.run(Tempest:81)
	at com.roxar.shared.lod.f.a(Tempest:147)
	at com.enscitech.automation.ReadSimulatorResults.convertResultToLoadOnDemand(Tempest:162)
	at com.enscitech.automation.ReadSimulatorResults.convertResultsToLOD(Tempest:109)
	at com.enscitech.automation.SingleRunFFMExecutable$DirectToLodExecutor.translateResults(Tempest:255)
	at com.enscitech.automation.AbstractFFMExecutor.executeTask(Tempest:156)
	at com.enscitech.automation.AbstractRunnableFFMExecutor.executeRunWrapperHelper(Tempest:70)
	at com.enscitech.automation.AbstractRunnableFFMExecutor.executeRunWrapper(Tempest:98)
	at com.enscitech.automation.AbstractFFMExecutor.executeRunWrapper(Tempest:106)
	at com.enscitech.automation.AbstractRunnableFFMExecutor.run(Tempest:55)
	at java.util.concurrent.ThreadPoolExecutor.runWorker(ThreadPoolExecutor.java:1142)
	at java.util.concurrent.ThreadPoolExecutor$Worker.run(ThreadPoolExecutor.java:617)
	at java.lang.Thread.run(Thread.java:748)
2770916703 [pool-10-thread-76] WARN  Enable.Loader.Run - /scratch/beta/nabm/beta_pred_v3_rev1_2chan_cases_2_4_fix.runs/Case2c_no-dep_476/eclipse/model/BETA_CASE_70_PRED_V2-CASE2C_NO-DEP_476: grid or init file missing
2770916703 [pool-10-thread-76] ERROR Enable.Loader.Run - Error accessing simulation data: Problem scanning ECLIPSE files: 
2770916706 [pool-10-thread-76] ERROR Enable.Loader.Run - Error creating files
Error loading simulation output for /scratch/beta/nabm/beta_pred_v3_rev1_2chan_cases_2_4_fix.runs/Case2c_no-dep_476/eclipse/model/BETA_CASE_70_PRED_V2-CASE2C_NO-DEP_476.PRT
